<?xml version="1.0" encoding="UTF-8"?>
<!-- Generated by org.testng.reporters.JUnitReportReporter -->
<testsuite skipped="0" hostname="DESKTOP-TTNDD5P" name="TestRunner.VerifyLoginLogoutRunner$TestRunner" tests="1" failures="0" timestamp="27 Jul 2019 10:40:32 GMT" time="18.304" errors="0">
  <testcase name="feature" time="18.304" classname="TestRunner.VerifyLoginLogoutRunner$TestRunner"/>
</testsuite> <!-- TestRunner.VerifyLoginLogoutRunner$TestRunner -->
