<?xml version="1.0" encoding="UTF-8"?>
<!-- Generated by org.testng.reporters.JUnitReportReporter -->
<testsuite skipped="0" hostname="DESKTOP-TTNDD5P" name="TestRunner.VerifyLoginLogoutRunner$TestRunner" tests="1" failures="0" timestamp="29 May 2020 16:22:17 GMT" time="51.602" errors="0">
  <testcase name="feature" time="51.602" classname="TestRunner.VerifyLoginLogoutRunner$TestRunner"/>
</testsuite> <!-- TestRunner.VerifyLoginLogoutRunner$TestRunner -->
